[2026-03-05 16:41:19] local.ERROR: SQLSTATE[42000]: Syntax error or access violation: 1091 Can't DROP 'status'; check that column/key exists (SQL: alter table `cronologiacursos` drop `status`) {"exception":"[object] (Illuminate\\Database\\QueryException(code: 42000): SQLSTATE[42000]: Syntax error or access violation: 1091 Can't DROP 'status'; check that column/key exists (SQL: alter table `cronologiacursos` drop `status`) at /Applications/MAMP/htdocs/proyectos/aplicacionesWeb/Angular/UrsiwebApp/backend-api-ursi/vendor/laravel/framework/src/Illuminate/Database/Connection.php:712)
[stacktrace]
#0 /Applications/MAMP/htdocs/proyectos/aplicacionesWeb/Angular/UrsiwebApp/backend-api-ursi/vendor/laravel/framework/src/Illuminate/Database/Connection.php(672): Illuminate\\Database\\Connection->runQueryCallback('alter table `cr...', Array, Object(Closure))
#1 /Applications/MAMP/htdocs/proyectos/aplicacionesWeb/Angular/UrsiwebApp/backend-api-ursi/vendor/laravel/framework/src/Illuminate/Database/Connection.php(490): Illuminate\\Database\\Connection->run('alter table `cr...', Array, Object(Closure))
#2 /Applications/MAMP/htdocs/proyectos/aplicacionesWeb/Angular/UrsiwebApp/backend-api-ursi/vendor/laravel/framework/src/Illuminate/Database/Schema/Blueprint.php(109): Illuminate\\Database\\Connection->statement('alter table `cr...')
#3 /Applications/MAMP/htdocs/proyectos/aplicacionesWeb/Angular/UrsiwebApp/backend-api-ursi/vendor/laravel/framework/src/Illuminate/Database/Schema/Builder.php(364): Illuminate\\Database\\Schema\\Blueprint->build(Object(Illuminate\\Database\\MySqlConnection), Object(Illuminate\\Database\\Schema\\Grammars\\MySqlGrammar))
#4 /Applications/MAMP/htdocs/proyectos/aplicacionesWeb/Angular/UrsiwebApp/backend-api-ursi/vendor/laravel/framework/src/Illuminate/Database/Schema/Builder.php(211): Illuminate\\Database\\Schema\\Builder->build(Object(Illuminate\\Database\\Schema\\Blueprint))
#5 /Applications/MAMP/htdocs/proyectos/aplicacionesWeb/Angular/UrsiwebApp/backend-api-ursi/vendor/laravel/framework/src/Illuminate/Support/Facades/Facade.php(261): Illuminate\\Database\\Schema\\Builder->table('cronologiacurso...', Object(Closure))
#6 /Applications/MAMP/htdocs/proyectos/aplicacionesWeb/Angular/UrsiwebApp/backend-api-ursi/database/migrations/2023_05_19_000005_add_english_fields_to_cronologiacursos_table.php(37): Illuminate\\Support\\Facades\\Facade::__callStatic('table', Array)
#7 /Applications/MAMP/htdocs/proyectos/aplicacionesWeb/Angular/UrsiwebApp/backend-api-ursi/vendor/laravel/framework/src/Illuminate/Database/Migrations/Migrator.php(472): AddEnglishFieldsToCronologiacursosTable->down()
#8 /Applications/MAMP/htdocs/proyectos/aplicacionesWeb/Angular/UrsiwebApp/backend-api-ursi/vendor/laravel/framework/src/Illuminate/Database/Migrations/Migrator.php(394): Illuminate\\Database\\Migrations\\Migrator->runMethod(Object(Illuminate\\Database\\MySqlConnection), Object(AddEnglishFieldsToCronologiacursosTable), 'down')
#9 /Applications/MAMP/htdocs/proyectos/aplicacionesWeb/Angular/UrsiwebApp/backend-api-ursi/vendor/laravel/framework/src/Illuminate/Database/Migrations/Migrator.php(403): Illuminate\\Database\\Migrations\\Migrator->{closure:Illuminate\\Database\\Migrations\\Migrator::runMigration():390}()
#10 /Applications/MAMP/htdocs/proyectos/aplicacionesWeb/Angular/UrsiwebApp/backend-api-ursi/vendor/laravel/framework/src/Illuminate/Database/Migrations/Migrator.php(365): Illuminate\\Database\\Migrations\\Migrator->runMigration(Object(AddEnglishFieldsToCronologiacursosTable), 'down')
#11 /Applications/MAMP/htdocs/proyectos/aplicacionesWeb/Angular/UrsiwebApp/backend-api-ursi/vendor/laravel/framework/src/Illuminate/Database/Migrations/Migrator.php(284): Illuminate\\Database\\Migrations\\Migrator->runDown('/Applications/M...', Object(stdClass), false)
#12 /Applications/MAMP/htdocs/proyectos/aplicacionesWeb/Angular/UrsiwebApp/backend-api-ursi/vendor/laravel/framework/src/Illuminate/Database/Migrations/Migrator.php(236): Illuminate\\Database\\Migrations\\Migrator->rollbackMigrations(Array, Array, Array)
#13 /Applications/MAMP/htdocs/proyectos/aplicacionesWeb/Angular/UrsiwebApp/backend-api-ursi/vendor/laravel/framework/src/Illuminate/Database/Console/Migrations/RollbackCommand.php(59): Illuminate\\Database\\Migrations\\Migrator->rollback(Array, Array)
#14 /Applications/MAMP/htdocs/proyectos/aplicacionesWeb/Angular/UrsiwebApp/backend-api-ursi/vendor/laravel/framework/src/Illuminate/Database/Migrations/Migrator.php(606): Illuminate\\Database\\Console\\Migrations\\RollbackCommand->{closure:Illuminate\\Database\\Console\\Migrations\\RollbackCommand::handle():58}()
#15 /Applications/MAMP/htdocs/proyectos/aplicacionesWeb/Angular/UrsiwebApp/backend-api-ursi/vendor/laravel/framework/src/Illuminate/Database/Console/Migrations/RollbackCommand.php(58): Illuminate\\Database\\Migrations\\Migrator->usingConnection(NULL, Object(Closure))
#16 /Applications/MAMP/htdocs/proyectos/aplicacionesWeb/Angular/UrsiwebApp/backend-api-ursi/vendor/laravel/framework/src/Illuminate/Container/BoundMethod.php(36): Illuminate\\Database\\Console\\Migrations\\RollbackCommand->handle()
#17 /Applications/MAMP/htdocs/proyectos/aplicacionesWeb/Angular/UrsiwebApp/backend-api-ursi/vendor/laravel/framework/src/Illuminate/Container/Util.php(40): Illuminate\\Container\\BoundMethod::{closure:Illuminate\\Container\\BoundMethod::call():35}()
#18 /Applications/MAMP/htdocs/proyectos/aplicacionesWeb/Angular/UrsiwebApp/backend-api-ursi/vendor/laravel/framework/src/Illuminate/Container/BoundMethod.php(93): Illuminate\\Container\\Util::unwrapIfClosure(Object(Closure))
#19 /Applications/MAMP/htdocs/proyectos/aplicacionesWeb/Angular/UrsiwebApp/backend-api-ursi/vendor/laravel/framework/src/Illuminate/Container/BoundMethod.php(35): Illuminate\\Container\\BoundMethod::callBoundMethod(Object(Illuminate\\Foundation\\Application), Array, Object(Closure))
#20 /Applications/MAMP/htdocs/proyectos/aplicacionesWeb/Angular/UrsiwebApp/backend-api-ursi/vendor/laravel/framework/src/Illuminate/Container/Container.php(653): Illuminate\\Container\\BoundMethod::call(Object(Illuminate\\Foundation\\Application), Array, Array, NULL)
#21 /Applications/MAMP/htdocs/proyectos/aplicacionesWeb/Angular/UrsiwebApp/backend-api-ursi/vendor/laravel/framework/src/Illuminate/Console/Command.php(136): Illuminate\\Container\\Container->call(Array)
#22 /Applications/MAMP/htdocs/proyectos/aplicacionesWeb/Angular/UrsiwebApp/backend-api-ursi/vendor/symfony/console/Command/Command.php(298): Illuminate\\Console\\Command->execute(Object(Symfony\\Component\\Console\\Input\\ArgvInput), Object(Illuminate\\Console\\OutputStyle))
#23 /Applications/MAMP/htdocs/proyectos/aplicacionesWeb/Angular/UrsiwebApp/backend-api-ursi/vendor/laravel/framework/src/Illuminate/Console/Command.php(120): Symfony\\Component\\Console\\Command\\Command->run(Object(Symfony\\Component\\Console\\Input\\ArgvInput), Object(Illuminate\\Console\\OutputStyle))
#24 /Applications/MAMP/htdocs/proyectos/aplicacionesWeb/Angular/UrsiwebApp/backend-api-ursi/vendor/symfony/console/Application.php(1040): Illuminate\\Console\\Command->run(Object(Symfony\\Component\\Console\\Input\\ArgvInput), Object(Symfony\\Component\\Console\\Output\\ConsoleOutput))
#25 /Applications/MAMP/htdocs/proyectos/aplicacionesWeb/Angular/UrsiwebApp/backend-api-ursi/vendor/symfony/console/Application.php(301): Symfony\\Component\\Console\\Application->doRunCommand(Object(Illuminate\\Database\\Console\\Migrations\\RollbackCommand), Object(Symfony\\Component\\Console\\Input\\ArgvInput), Object(Symfony\\Component\\Console\\Output\\ConsoleOutput))
#26 /Applications/MAMP/htdocs/proyectos/aplicacionesWeb/Angular/UrsiwebApp/backend-api-ursi/vendor/symfony/console/Application.php(171): Symfony\\Component\\Console\\Application->doRun(Object(Symfony\\Component\\Console\\Input\\ArgvInput), Object(Symfony\\Component\\Console\\Output\\ConsoleOutput))
#27 /Applications/MAMP/htdocs/proyectos/aplicacionesWeb/Angular/UrsiwebApp/backend-api-ursi/vendor/laravel/framework/src/Illuminate/Console/Application.php(94): Symfony\\Component\\Console\\Application->run(Object(Symfony\\Component\\Console\\Input\\ArgvInput), Object(Symfony\\Component\\Console\\Output\\ConsoleOutput))
#28 /Applications/MAMP/htdocs/proyectos/aplicacionesWeb/Angular/UrsiwebApp/backend-api-ursi/vendor/laravel/framework/src/Illuminate/Foundation/Console/Kernel.php(129): Illuminate\\Console\\Application->run(Object(Symfony\\Component\\Console\\Input\\ArgvInput), Object(Symfony\\Component\\Console\\Output\\ConsoleOutput))
#29 /Applications/MAMP/htdocs/proyectos/aplicacionesWeb/Angular/UrsiwebApp/backend-api-ursi/artisan(35): Illuminate\\Foundation\\Console\\Kernel->handle(Object(Symfony\\Component\\Console\\Input\\ArgvInput), Object(Symfony\\Component\\Console\\Output\\ConsoleOutput))
#30 {main}

[previous exception] [object] (PDOException(code: 42000): SQLSTATE[42000]: Syntax error or access violation: 1091 Can't DROP 'status'; check that column/key exists at /Applications/MAMP/htdocs/proyectos/aplicacionesWeb/Angular/UrsiwebApp/backend-api-ursi/vendor/laravel/framework/src/Illuminate/Database/Connection.php:501)
[stacktrace]
#0 /Applications/MAMP/htdocs/proyectos/aplicacionesWeb/Angular/UrsiwebApp/backend-api-ursi/vendor/laravel/framework/src/Illuminate/Database/Connection.php(501): PDOStatement->execute()
#1 /Applications/MAMP/htdocs/proyectos/aplicacionesWeb/Angular/UrsiwebApp/backend-api-ursi/vendor/laravel/framework/src/Illuminate/Database/Connection.php(705): Illuminate\\Database\\Connection->{closure:Illuminate\\Database\\Connection::statement():490}('alter table `cr...', Array)
#2 /Applications/MAMP/htdocs/proyectos/aplicacionesWeb/Angular/UrsiwebApp/backend-api-ursi/vendor/laravel/framework/src/Illuminate/Database/Connection.php(672): Illuminate\\Database\\Connection->runQueryCallback('alter table `cr...', Array, Object(Closure))
#3 /Applications/MAMP/htdocs/proyectos/aplicacionesWeb/Angular/UrsiwebApp/backend-api-ursi/vendor/laravel/framework/src/Illuminate/Database/Connection.php(490): Illuminate\\Database\\Connection->run('alter table `cr...', Array, Object(Closure))
#4 /Applications/MAMP/htdocs/proyectos/aplicacionesWeb/Angular/UrsiwebApp/backend-api-ursi/vendor/laravel/framework/src/Illuminate/Database/Schema/Blueprint.php(109): Illuminate\\Database\\Connection->statement('alter table `cr...')
#5 /Applications/MAMP/htdocs/proyectos/aplicacionesWeb/Angular/UrsiwebApp/backend-api-ursi/vendor/laravel/framework/src/Illuminate/Database/Schema/Builder.php(364): Illuminate\\Database\\Schema\\Blueprint->build(Object(Illuminate\\Database\\MySqlConnection), Object(Illuminate\\Database\\Schema\\Grammars\\MySqlGrammar))
#6 /Applications/MAMP/htdocs/proyectos/aplicacionesWeb/Angular/UrsiwebApp/backend-api-ursi/vendor/laravel/framework/src/Illuminate/Database/Schema/Builder.php(211): Illuminate\\Database\\Schema\\Builder->build(Object(Illuminate\\Database\\Schema\\Blueprint))
#7 /Applications/MAMP/htdocs/proyectos/aplicacionesWeb/Angular/UrsiwebApp/backend-api-ursi/vendor/laravel/framework/src/Illuminate/Support/Facades/Facade.php(261): Illuminate\\Database\\Schema\\Builder->table('cronologiacurso...', Object(Closure))
#8 /Applications/MAMP/htdocs/proyectos/aplicacionesWeb/Angular/UrsiwebApp/backend-api-ursi/database/migrations/2023_05_19_000005_add_english_fields_to_cronologiacursos_table.php(37): Illuminate\\Support\\Facades\\Facade::__callStatic('table', Array)
#9 /Applications/MAMP/htdocs/proyectos/aplicacionesWeb/Angular/UrsiwebApp/backend-api-ursi/vendor/laravel/framework/src/Illuminate/Database/Migrations/Migrator.php(472): AddEnglishFieldsToCronologiacursosTable->down()
#10 /Applications/MAMP/htdocs/proyectos/aplicacionesWeb/Angular/UrsiwebApp/backend-api-ursi/vendor/laravel/framework/src/Illuminate/Database/Migrations/Migrator.php(394): Illuminate\\Database\\Migrations\\Migrator->runMethod(Object(Illuminate\\Database\\MySqlConnection), Object(AddEnglishFieldsToCronologiacursosTable), 'down')
#11 /Applications/MAMP/htdocs/proyectos/aplicacionesWeb/Angular/UrsiwebApp/backend-api-ursi/vendor/laravel/framework/src/Illuminate/Database/Migrations/Migrator.php(403): Illuminate\\Database\\Migrations\\Migrator->{closure:Illuminate\\Database\\Migrations\\Migrator::runMigration():390}()
#12 /Applications/MAMP/htdocs/proyectos/aplicacionesWeb/Angular/UrsiwebApp/backend-api-ursi/vendor/laravel/framework/src/Illuminate/Database/Migrations/Migrator.php(365): Illuminate\\Database\\Migrations\\Migrator->runMigration(Object(AddEnglishFieldsToCronologiacursosTable), 'down')
#13 /Applications/MAMP/htdocs/proyectos/aplicacionesWeb/Angular/UrsiwebApp/backend-api-ursi/vendor/laravel/framework/src/Illuminate/Database/Migrations/Migrator.php(284): Illuminate\\Database\\Migrations\\Migrator->runDown('/Applications/M...', Object(stdClass), false)
#14 /Applications/MAMP/htdocs/proyectos/aplicacionesWeb/Angular/UrsiwebApp/backend-api-ursi/vendor/laravel/framework/src/Illuminate/Database/Migrations/Migrator.php(236): Illuminate\\Database\\Migrations\\Migrator->rollbackMigrations(Array, Array, Array)
#15 /Applications/MAMP/htdocs/proyectos/aplicacionesWeb/Angular/UrsiwebApp/backend-api-ursi/vendor/laravel/framework/src/Illuminate/Database/Console/Migrations/RollbackCommand.php(59): Illuminate\\Database\\Migrations\\Migrator->rollback(Array, Array)
#16 /Applications/MAMP/htdocs/proyectos/aplicacionesWeb/Angular/UrsiwebApp/backend-api-ursi/vendor/laravel/framework/src/Illuminate/Database/Migrations/Migrator.php(606): Illuminate\\Database\\Console\\Migrations\\RollbackCommand->{closure:Illuminate\\Database\\Console\\Migrations\\RollbackCommand::handle():58}()
#17 /Applications/MAMP/htdocs/proyectos/aplicacionesWeb/Angular/UrsiwebApp/backend-api-ursi/vendor/laravel/framework/src/Illuminate/Database/Console/Migrations/RollbackCommand.php(58): Illuminate\\Database\\Migrations\\Migrator->usingConnection(NULL, Object(Closure))
#18 /Applications/MAMP/htdocs/proyectos/aplicacionesWeb/Angular/UrsiwebApp/backend-api-ursi/vendor/laravel/framework/src/Illuminate/Container/BoundMethod.php(36): Illuminate\\Database\\Console\\Migrations\\RollbackCommand->handle()
#19 /Applications/MAMP/htdocs/proyectos/aplicacionesWeb/Angular/UrsiwebApp/backend-api-ursi/vendor/laravel/framework/src/Illuminate/Container/Util.php(40): Illuminate\\Container\\BoundMethod::{closure:Illuminate\\Container\\BoundMethod::call():35}()
#20 /Applications/MAMP/htdocs/proyectos/aplicacionesWeb/Angular/UrsiwebApp/backend-api-ursi/vendor/laravel/framework/src/Illuminate/Container/BoundMethod.php(93): Illuminate\\Container\\Util::unwrapIfClosure(Object(Closure))
#21 /Applications/MAMP/htdocs/proyectos/aplicacionesWeb/Angular/UrsiwebApp/backend-api-ursi/vendor/laravel/framework/src/Illuminate/Container/BoundMethod.php(35): Illuminate\\Container\\BoundMethod::callBoundMethod(Object(Illuminate\\Foundation\\Application), Array, Object(Closure))
#22 /Applications/MAMP/htdocs/proyectos/aplicacionesWeb/Angular/UrsiwebApp/backend-api-ursi/vendor/laravel/framework/src/Illuminate/Container/Container.php(653): Illuminate\\Container\\BoundMethod::call(Object(Illuminate\\Foundation\\Application), Array, Array, NULL)
#23 /Applications/MAMP/htdocs/proyectos/aplicacionesWeb/Angular/UrsiwebApp/backend-api-ursi/vendor/laravel/framework/src/Illuminate/Console/Command.php(136): Illuminate\\Container\\Container->call(Array)
#24 /Applications/MAMP/htdocs/proyectos/aplicacionesWeb/Angular/UrsiwebApp/backend-api-ursi/vendor/symfony/console/Command/Command.php(298): Illuminate\\Console\\Command->execute(Object(Symfony\\Component\\Console\\Input\\ArgvInput), Object(Illuminate\\Console\\OutputStyle))
#25 /Applications/MAMP/htdocs/proyectos/aplicacionesWeb/Angular/UrsiwebApp/backend-api-ursi/vendor/laravel/framework/src/Illuminate/Console/Command.php(120): Symfony\\Component\\Console\\Command\\Command->run(Object(Symfony\\Component\\Console\\Input\\ArgvInput), Object(Illuminate\\Console\\OutputStyle))
#26 /Applications/MAMP/htdocs/proyectos/aplicacionesWeb/Angular/UrsiwebApp/backend-api-ursi/vendor/symfony/console/Application.php(1040): Illuminate\\Console\\Command->run(Object(Symfony\\Component\\Console\\Input\\ArgvInput), Object(Symfony\\Component\\Console\\Output\\ConsoleOutput))
#27 /Applications/MAMP/htdocs/proyectos/aplicacionesWeb/Angular/UrsiwebApp/backend-api-ursi/vendor/symfony/console/Application.php(301): Symfony\\Component\\Console\\Application->doRunCommand(Object(Illuminate\\Database\\Console\\Migrations\\RollbackCommand), Object(Symfony\\Component\\Console\\Input\\ArgvInput), Object(Symfony\\Component\\Console\\Output\\ConsoleOutput))
#28 /Applications/MAMP/htdocs/proyectos/aplicacionesWeb/Angular/UrsiwebApp/backend-api-ursi/vendor/symfony/console/Application.php(171): Symfony\\Component\\Console\\Application->doRun(Object(Symfony\\Component\\Console\\Input\\ArgvInput), Object(Symfony\\Component\\Console\\Output\\ConsoleOutput))
#29 /Applications/MAMP/htdocs/proyectos/aplicacionesWeb/Angular/UrsiwebApp/backend-api-ursi/vendor/laravel/framework/src/Illuminate/Console/Application.php(94): Symfony\\Component\\Console\\Application->run(Object(Symfony\\Component\\Console\\Input\\ArgvInput), Object(Symfony\\Component\\Console\\Output\\ConsoleOutput))
#30 /Applications/MAMP/htdocs/proyectos/aplicacionesWeb/Angular/UrsiwebApp/backend-api-ursi/vendor/laravel/framework/src/Illuminate/Foundation/Console/Kernel.php(129): Illuminate\\Console\\Application->run(Object(Symfony\\Component\\Console\\Input\\ArgvInput), Object(Symfony\\Component\\Console\\Output\\ConsoleOutput))
#31 /Applications/MAMP/htdocs/proyectos/aplicacionesWeb/Angular/UrsiwebApp/backend-api-ursi/artisan(35): Illuminate\\Foundation\\Console\\Kernel->handle(Object(Symfony\\Component\\Console\\Input\\ArgvInput), Object(Symfony\\Component\\Console\\Output\\ConsoleOutput))
#32 {main}
"} 
