[2023-06-10 18:18:06] local.ERROR: Method App\Http\Controllers\Admin\AdminPaymentController::search does not exist. {"exception":"[object] (BadMethodCallException(code: 0): Method App\\Http\\Controllers\\Admin\\AdminPaymentController::search does not exist. at /Volumes/Mac OS/Users/malcolm/Documents/clientes/ursigalletti/2023/backend-api-ursi/vendor/laravel/framework/src/Illuminate/Routing/Controller.php:68)
[stacktrace]
#0 /Volumes/Mac OS/Users/malcolm/Documents/clientes/ursigalletti/2023/backend-api-ursi/vendor/laravel/framework/src/Illuminate/Routing/Controller.php(54): Illuminate\\Routing\\Controller->__call('search', Array)
#1 /Volumes/Mac OS/Users/malcolm/Documents/clientes/ursigalletti/2023/backend-api-ursi/vendor/laravel/framework/src/Illuminate/Routing/ControllerDispatcher.php(45): Illuminate\\Routing\\Controller->callAction('search', Array)
#2 /Volumes/Mac OS/Users/malcolm/Documents/clientes/ursigalletti/2023/backend-api-ursi/vendor/laravel/framework/src/Illuminate/Routing/Route.php(262): Illuminate\\Routing\\ControllerDispatcher->dispatch(Object(Illuminate\\Routing\\Route), Object(App\\Http\\Controllers\\Admin\\AdminPaymentController), 'search')
#3 /Volumes/Mac OS/Users/malcolm/Documents/clientes/ursigalletti/2023/backend-api-ursi/vendor/laravel/framework/src/Illuminate/Routing/Route.php(205): Illuminate\\Routing\\Route->runController()
#4 /Volumes/Mac OS/Users/malcolm/Documents/clientes/ursigalletti/2023/backend-api-ursi/vendor/laravel/framework/src/Illuminate/Routing/Router.php(721): Illuminate\\Routing\\Route->run()
#5 /Volumes/Mac OS/Users/malcolm/Documents/clientes/ursigalletti/2023/backend-api-ursi/vendor/laravel/framework/src/Illuminate/Pipeline/Pipeline.php(128): Illuminate\\Routing\\Router->Illuminate\\Routing\\{closure}(Object(Illuminate\\Http\\Request))
#6 /Volumes/Mac OS/Users/malcolm/Documents/clientes/ursigalletti/2023/backend-api-ursi/vendor/laravel/framework/src/Illuminate/Routing/Middleware/SubstituteBindings.php(50): Illuminate\\Pipeline\\Pipeline->Illuminate\\Pipeline\\{closure}(Object(Illuminate\\Http\\Request))
#7 /Volumes/Mac OS/Users/malcolm/Documents/clientes/ursigalletti/2023/backend-api-ursi/vendor/laravel/framework/src/Illuminate/Pipeline/Pipeline.php(167): Illuminate\\Routing\\Middleware\\SubstituteBindings->handle(Object(Illuminate\\Http\\Request), Object(Closure))
#8 /Volumes/Mac OS/Users/malcolm/Documents/clientes/ursigalletti/2023/backend-api-ursi/vendor/laravel/framework/src/Illuminate/Routing/Middleware/ThrottleRequests.php(127): Illuminate\\Pipeline\\Pipeline->Illuminate\\Pipeline\\{closure}(Object(Illuminate\\Http\\Request))
#9 /Volumes/Mac OS/Users/malcolm/Documents/clientes/ursigalletti/2023/backend-api-ursi/vendor/laravel/framework/src/Illuminate/Routing/Middleware/ThrottleRequests.php(103): Illuminate\\Routing\\Middleware\\ThrottleRequests->handleRequest(Object(Illuminate\\Http\\Request), Object(Closure), Array)
#10 /Volumes/Mac OS/Users/malcolm/Documents/clientes/ursigalletti/2023/backend-api-ursi/vendor/laravel/framework/src/Illuminate/Routing/Middleware/ThrottleRequests.php(55): Illuminate\\Routing\\Middleware\\ThrottleRequests->handleRequestUsingNamedLimiter(Object(Illuminate\\Http\\Request), Object(Closure), 'api', Object(Closure))
#11 /Volumes/Mac OS/Users/malcolm/Documents/clientes/ursigalletti/2023/backend-api-ursi/vendor/laravel/framework/src/Illuminate/Pipeline/Pipeline.php(167): Illuminate\\Routing\\Middleware\\ThrottleRequests->handle(Object(Illuminate\\Http\\Request), Object(Closure), 'api')
#12 /Volumes/Mac OS/Users/malcolm/Documents/clientes/ursigalletti/2023/backend-api-ursi/vendor/laravel/framework/src/Illuminate/Pipeline/Pipeline.php(103): Illuminate\\Pipeline\\Pipeline->Illuminate\\Pipeline\\{closure}(Object(Illuminate\\Http\\Request))
#13 /Volumes/Mac OS/Users/malcolm/Documents/clientes/ursigalletti/2023/backend-api-ursi/vendor/laravel/framework/src/Illuminate/Routing/Router.php(723): Illuminate\\Pipeline\\Pipeline->then(Object(Closure))
#14 /Volumes/Mac OS/Users/malcolm/Documents/clientes/ursigalletti/2023/backend-api-ursi/vendor/laravel/framework/src/Illuminate/Routing/Router.php(698): Illuminate\\Routing\\Router->runRouteWithinStack(Object(Illuminate\\Routing\\Route), Object(Illuminate\\Http\\Request))
#15 /Volumes/Mac OS/Users/malcolm/Documents/clientes/ursigalletti/2023/backend-api-ursi/vendor/laravel/framework/src/Illuminate/Routing/Router.php(662): Illuminate\\Routing\\Router->runRoute(Object(Illuminate\\Http\\Request), Object(Illuminate\\Routing\\Route))
#16 /Volumes/Mac OS/Users/malcolm/Documents/clientes/ursigalletti/2023/backend-api-ursi/vendor/laravel/framework/src/Illuminate/Routing/Router.php(651): Illuminate\\Routing\\Router->dispatchToRoute(Object(Illuminate\\Http\\Request))
#17 /Volumes/Mac OS/Users/malcolm/Documents/clientes/ursigalletti/2023/backend-api-ursi/vendor/laravel/framework/src/Illuminate/Foundation/Http/Kernel.php(167): Illuminate\\Routing\\Router->dispatch(Object(Illuminate\\Http\\Request))
#18 /Volumes/Mac OS/Users/malcolm/Documents/clientes/ursigalletti/2023/backend-api-ursi/vendor/laravel/framework/src/Illuminate/Pipeline/Pipeline.php(128): Illuminate\\Foundation\\Http\\Kernel->Illuminate\\Foundation\\Http\\{closure}(Object(Illuminate\\Http\\Request))
#19 /Volumes/Mac OS/Users/malcolm/Documents/clientes/ursigalletti/2023/backend-api-ursi/vendor/laravel/framework/src/Illuminate/Foundation/Http/Middleware/TransformsRequest.php(21): Illuminate\\Pipeline\\Pipeline->Illuminate\\Pipeline\\{closure}(Object(Illuminate\\Http\\Request))
#20 /Volumes/Mac OS/Users/malcolm/Documents/clientes/ursigalletti/2023/backend-api-ursi/vendor/laravel/framework/src/Illuminate/Foundation/Http/Middleware/ConvertEmptyStringsToNull.php(31): Illuminate\\Foundation\\Http\\Middleware\\TransformsRequest->handle(Object(Illuminate\\Http\\Request), Object(Closure))
#21 /Volumes/Mac OS/Users/malcolm/Documents/clientes/ursigalletti/2023/backend-api-ursi/vendor/laravel/framework/src/Illuminate/Pipeline/Pipeline.php(167): Illuminate\\Foundation\\Http\\Middleware\\ConvertEmptyStringsToNull->handle(Object(Illuminate\\Http\\Request), Object(Closure))
#22 /Volumes/Mac OS/Users/malcolm/Documents/clientes/ursigalletti/2023/backend-api-ursi/vendor/laravel/framework/src/Illuminate/Foundation/Http/Middleware/TransformsRequest.php(21): Illuminate\\Pipeline\\Pipeline->Illuminate\\Pipeline\\{closure}(Object(Illuminate\\Http\\Request))
#23 /Volumes/Mac OS/Users/malcolm/Documents/clientes/ursigalletti/2023/backend-api-ursi/vendor/laravel/framework/src/Illuminate/Foundation/Http/Middleware/TrimStrings.php(40): Illuminate\\Foundation\\Http\\Middleware\\TransformsRequest->handle(Object(Illuminate\\Http\\Request), Object(Closure))
#24 /Volumes/Mac OS/Users/malcolm/Documents/clientes/ursigalletti/2023/backend-api-ursi/vendor/laravel/framework/src/Illuminate/Pipeline/Pipeline.php(167): Illuminate\\Foundation\\Http\\Middleware\\TrimStrings->handle(Object(Illuminate\\Http\\Request), Object(Closure))
#25 /Volumes/Mac OS/Users/malcolm/Documents/clientes/ursigalletti/2023/backend-api-ursi/vendor/laravel/framework/src/Illuminate/Foundation/Http/Middleware/ValidatePostSize.php(27): Illuminate\\Pipeline\\Pipeline->Illuminate\\Pipeline\\{closure}(Object(Illuminate\\Http\\Request))
#26 /Volumes/Mac OS/Users/malcolm/Documents/clientes/ursigalletti/2023/backend-api-ursi/vendor/laravel/framework/src/Illuminate/Pipeline/Pipeline.php(167): Illuminate\\Foundation\\Http\\Middleware\\ValidatePostSize->handle(Object(Illuminate\\Http\\Request), Object(Closure))
#27 /Volumes/Mac OS/Users/malcolm/Documents/clientes/ursigalletti/2023/backend-api-ursi/vendor/laravel/framework/src/Illuminate/Foundation/Http/Middleware/PreventRequestsDuringMaintenance.php(86): Illuminate\\Pipeline\\Pipeline->Illuminate\\Pipeline\\{closure}(Object(Illuminate\\Http\\Request))
#28 /Volumes/Mac OS/Users/malcolm/Documents/clientes/ursigalletti/2023/backend-api-ursi/vendor/laravel/framework/src/Illuminate/Pipeline/Pipeline.php(167): Illuminate\\Foundation\\Http\\Middleware\\PreventRequestsDuringMaintenance->handle(Object(Illuminate\\Http\\Request), Object(Closure))
#29 /Volumes/Mac OS/Users/malcolm/Documents/clientes/ursigalletti/2023/backend-api-ursi/vendor/fruitcake/laravel-cors/src/HandleCors.php(52): Illuminate\\Pipeline\\Pipeline->Illuminate\\Pipeline\\{closure}(Object(Illuminate\\Http\\Request))
#30 /Volumes/Mac OS/Users/malcolm/Documents/clientes/ursigalletti/2023/backend-api-ursi/vendor/laravel/framework/src/Illuminate/Pipeline/Pipeline.php(167): Fruitcake\\Cors\\HandleCors->handle(Object(Illuminate\\Http\\Request), Object(Closure))
#31 /Volumes/Mac OS/Users/malcolm/Documents/clientes/ursigalletti/2023/backend-api-ursi/vendor/laravel/framework/src/Illuminate/Http/Middleware/TrustProxies.php(39): Illuminate\\Pipeline\\Pipeline->Illuminate\\Pipeline\\{closure}(Object(Illuminate\\Http\\Request))
#32 /Volumes/Mac OS/Users/malcolm/Documents/clientes/ursigalletti/2023/backend-api-ursi/vendor/laravel/framework/src/Illuminate/Pipeline/Pipeline.php(167): Illuminate\\Http\\Middleware\\TrustProxies->handle(Object(Illuminate\\Http\\Request), Object(Closure))
#33 /Volumes/Mac OS/Users/malcolm/Documents/clientes/ursigalletti/2023/backend-api-ursi/vendor/laravel/framework/src/Illuminate/Pipeline/Pipeline.php(103): Illuminate\\Pipeline\\Pipeline->Illuminate\\Pipeline\\{closure}(Object(Illuminate\\Http\\Request))
#34 /Volumes/Mac OS/Users/malcolm/Documents/clientes/ursigalletti/2023/backend-api-ursi/vendor/laravel/framework/src/Illuminate/Foundation/Http/Kernel.php(142): Illuminate\\Pipeline\\Pipeline->then(Object(Closure))
#35 /Volumes/Mac OS/Users/malcolm/Documents/clientes/ursigalletti/2023/backend-api-ursi/vendor/laravel/framework/src/Illuminate/Foundation/Http/Kernel.php(111): Illuminate\\Foundation\\Http\\Kernel->sendRequestThroughRouter(Object(Illuminate\\Http\\Request))
#36 /Volumes/Mac OS/Users/malcolm/Documents/clientes/ursigalletti/2023/backend-api-ursi/public/index.php(52): Illuminate\\Foundation\\Http\\Kernel->handle(Object(Illuminate\\Http\\Request))
#37 /Volumes/Mac OS/Users/malcolm/Documents/clientes/ursigalletti/2023/backend-api-ursi/server.php(21): require_once('/Volumes/Mac OS...')
#38 {main}
"} 
[2023-06-10 18:18:51] local.ERROR: Method App\Http\Controllers\Admin\AdminPaymentController::search does not exist. {"exception":"[object] (BadMethodCallException(code: 0): Method App\\Http\\Controllers\\Admin\\AdminPaymentController::search does not exist. at /Volumes/Mac OS/Users/malcolm/Documents/clientes/ursigalletti/2023/backend-api-ursi/vendor/laravel/framework/src/Illuminate/Routing/Controller.php:68)
[stacktrace]
#0 /Volumes/Mac OS/Users/malcolm/Documents/clientes/ursigalletti/2023/backend-api-ursi/vendor/laravel/framework/src/Illuminate/Routing/Controller.php(54): Illuminate\\Routing\\Controller->__call('search', Array)
#1 /Volumes/Mac OS/Users/malcolm/Documents/clientes/ursigalletti/2023/backend-api-ursi/vendor/laravel/framework/src/Illuminate/Routing/ControllerDispatcher.php(45): Illuminate\\Routing\\Controller->callAction('search', Array)
#2 /Volumes/Mac OS/Users/malcolm/Documents/clientes/ursigalletti/2023/backend-api-ursi/vendor/laravel/framework/src/Illuminate/Routing/Route.php(262): Illuminate\\Routing\\ControllerDispatcher->dispatch(Object(Illuminate\\Routing\\Route), Object(App\\Http\\Controllers\\Admin\\AdminPaymentController), 'search')
#3 /Volumes/Mac OS/Users/malcolm/Documents/clientes/ursigalletti/2023/backend-api-ursi/vendor/laravel/framework/src/Illuminate/Routing/Route.php(205): Illuminate\\Routing\\Route->runController()
#4 /Volumes/Mac OS/Users/malcolm/Documents/clientes/ursigalletti/2023/backend-api-ursi/vendor/laravel/framework/src/Illuminate/Routing/Router.php(721): Illuminate\\Routing\\Route->run()
#5 /Volumes/Mac OS/Users/malcolm/Documents/clientes/ursigalletti/2023/backend-api-ursi/vendor/laravel/framework/src/Illuminate/Pipeline/Pipeline.php(128): Illuminate\\Routing\\Router->Illuminate\\Routing\\{closure}(Object(Illuminate\\Http\\Request))
#6 /Volumes/Mac OS/Users/malcolm/Documents/clientes/ursigalletti/2023/backend-api-ursi/vendor/laravel/framework/src/Illuminate/Routing/Middleware/SubstituteBindings.php(50): Illuminate\\Pipeline\\Pipeline->Illuminate\\Pipeline\\{closure}(Object(Illuminate\\Http\\Request))
#7 /Volumes/Mac OS/Users/malcolm/Documents/clientes/ursigalletti/2023/backend-api-ursi/vendor/laravel/framework/src/Illuminate/Pipeline/Pipeline.php(167): Illuminate\\Routing\\Middleware\\SubstituteBindings->handle(Object(Illuminate\\Http\\Request), Object(Closure))
#8 /Volumes/Mac OS/Users/malcolm/Documents/clientes/ursigalletti/2023/backend-api-ursi/vendor/laravel/framework/src/Illuminate/Routing/Middleware/ThrottleRequests.php(127): Illuminate\\Pipeline\\Pipeline->Illuminate\\Pipeline\\{closure}(Object(Illuminate\\Http\\Request))
#9 /Volumes/Mac OS/Users/malcolm/Documents/clientes/ursigalletti/2023/backend-api-ursi/vendor/laravel/framework/src/Illuminate/Routing/Middleware/ThrottleRequests.php(103): Illuminate\\Routing\\Middleware\\ThrottleRequests->handleRequest(Object(Illuminate\\Http\\Request), Object(Closure), Array)
#10 /Volumes/Mac OS/Users/malcolm/Documents/clientes/ursigalletti/2023/backend-api-ursi/vendor/laravel/framework/src/Illuminate/Routing/Middleware/ThrottleRequests.php(55): Illuminate\\Routing\\Middleware\\ThrottleRequests->handleRequestUsingNamedLimiter(Object(Illuminate\\Http\\Request), Object(Closure), 'api', Object(Closure))
#11 /Volumes/Mac OS/Users/malcolm/Documents/clientes/ursigalletti/2023/backend-api-ursi/vendor/laravel/framework/src/Illuminate/Pipeline/Pipeline.php(167): Illuminate\\Routing\\Middleware\\ThrottleRequests->handle(Object(Illuminate\\Http\\Request), Object(Closure), 'api')
#12 /Volumes/Mac OS/Users/malcolm/Documents/clientes/ursigalletti/2023/backend-api-ursi/vendor/laravel/framework/src/Illuminate/Pipeline/Pipeline.php(103): Illuminate\\Pipeline\\Pipeline->Illuminate\\Pipeline\\{closure}(Object(Illuminate\\Http\\Request))
#13 /Volumes/Mac OS/Users/malcolm/Documents/clientes/ursigalletti/2023/backend-api-ursi/vendor/laravel/framework/src/Illuminate/Routing/Router.php(723): Illuminate\\Pipeline\\Pipeline->then(Object(Closure))
#14 /Volumes/Mac OS/Users/malcolm/Documents/clientes/ursigalletti/2023/backend-api-ursi/vendor/laravel/framework/src/Illuminate/Routing/Router.php(698): Illuminate\\Routing\\Router->runRouteWithinStack(Object(Illuminate\\Routing\\Route), Object(Illuminate\\Http\\Request))
#15 /Volumes/Mac OS/Users/malcolm/Documents/clientes/ursigalletti/2023/backend-api-ursi/vendor/laravel/framework/src/Illuminate/Routing/Router.php(662): Illuminate\\Routing\\Router->runRoute(Object(Illuminate\\Http\\Request), Object(Illuminate\\Routing\\Route))
#16 /Volumes/Mac OS/Users/malcolm/Documents/clientes/ursigalletti/2023/backend-api-ursi/vendor/laravel/framework/src/Illuminate/Routing/Router.php(651): Illuminate\\Routing\\Router->dispatchToRoute(Object(Illuminate\\Http\\Request))
#17 /Volumes/Mac OS/Users/malcolm/Documents/clientes/ursigalletti/2023/backend-api-ursi/vendor/laravel/framework/src/Illuminate/Foundation/Http/Kernel.php(167): Illuminate\\Routing\\Router->dispatch(Object(Illuminate\\Http\\Request))
#18 /Volumes/Mac OS/Users/malcolm/Documents/clientes/ursigalletti/2023/backend-api-ursi/vendor/laravel/framework/src/Illuminate/Pipeline/Pipeline.php(128): Illuminate\\Foundation\\Http\\Kernel->Illuminate\\Foundation\\Http\\{closure}(Object(Illuminate\\Http\\Request))
#19 /Volumes/Mac OS/Users/malcolm/Documents/clientes/ursigalletti/2023/backend-api-ursi/vendor/laravel/framework/src/Illuminate/Foundation/Http/Middleware/TransformsRequest.php(21): Illuminate\\Pipeline\\Pipeline->Illuminate\\Pipeline\\{closure}(Object(Illuminate\\Http\\Request))
#20 /Volumes/Mac OS/Users/malcolm/Documents/clientes/ursigalletti/2023/backend-api-ursi/vendor/laravel/framework/src/Illuminate/Foundation/Http/Middleware/ConvertEmptyStringsToNull.php(31): Illuminate\\Foundation\\Http\\Middleware\\TransformsRequest->handle(Object(Illuminate\\Http\\Request), Object(Closure))
#21 /Volumes/Mac OS/Users/malcolm/Documents/clientes/ursigalletti/2023/backend-api-ursi/vendor/laravel/framework/src/Illuminate/Pipeline/Pipeline.php(167): Illuminate\\Foundation\\Http\\Middleware\\ConvertEmptyStringsToNull->handle(Object(Illuminate\\Http\\Request), Object(Closure))
#22 /Volumes/Mac OS/Users/malcolm/Documents/clientes/ursigalletti/2023/backend-api-ursi/vendor/laravel/framework/src/Illuminate/Foundation/Http/Middleware/TransformsRequest.php(21): Illuminate\\Pipeline\\Pipeline->Illuminate\\Pipeline\\{closure}(Object(Illuminate\\Http\\Request))
#23 /Volumes/Mac OS/Users/malcolm/Documents/clientes/ursigalletti/2023/backend-api-ursi/vendor/laravel/framework/src/Illuminate/Foundation/Http/Middleware/TrimStrings.php(40): Illuminate\\Foundation\\Http\\Middleware\\TransformsRequest->handle(Object(Illuminate\\Http\\Request), Object(Closure))
#24 /Volumes/Mac OS/Users/malcolm/Documents/clientes/ursigalletti/2023/backend-api-ursi/vendor/laravel/framework/src/Illuminate/Pipeline/Pipeline.php(167): Illuminate\\Foundation\\Http\\Middleware\\TrimStrings->handle(Object(Illuminate\\Http\\Request), Object(Closure))
#25 /Volumes/Mac OS/Users/malcolm/Documents/clientes/ursigalletti/2023/backend-api-ursi/vendor/laravel/framework/src/Illuminate/Foundation/Http/Middleware/ValidatePostSize.php(27): Illuminate\\Pipeline\\Pipeline->Illuminate\\Pipeline\\{closure}(Object(Illuminate\\Http\\Request))
#26 /Volumes/Mac OS/Users/malcolm/Documents/clientes/ursigalletti/2023/backend-api-ursi/vendor/laravel/framework/src/Illuminate/Pipeline/Pipeline.php(167): Illuminate\\Foundation\\Http\\Middleware\\ValidatePostSize->handle(Object(Illuminate\\Http\\Request), Object(Closure))
#27 /Volumes/Mac OS/Users/malcolm/Documents/clientes/ursigalletti/2023/backend-api-ursi/vendor/laravel/framework/src/Illuminate/Foundation/Http/Middleware/PreventRequestsDuringMaintenance.php(86): Illuminate\\Pipeline\\Pipeline->Illuminate\\Pipeline\\{closure}(Object(Illuminate\\Http\\Request))
#28 /Volumes/Mac OS/Users/malcolm/Documents/clientes/ursigalletti/2023/backend-api-ursi/vendor/laravel/framework/src/Illuminate/Pipeline/Pipeline.php(167): Illuminate\\Foundation\\Http\\Middleware\\PreventRequestsDuringMaintenance->handle(Object(Illuminate\\Http\\Request), Object(Closure))
#29 /Volumes/Mac OS/Users/malcolm/Documents/clientes/ursigalletti/2023/backend-api-ursi/vendor/fruitcake/laravel-cors/src/HandleCors.php(52): Illuminate\\Pipeline\\Pipeline->Illuminate\\Pipeline\\{closure}(Object(Illuminate\\Http\\Request))
#30 /Volumes/Mac OS/Users/malcolm/Documents/clientes/ursigalletti/2023/backend-api-ursi/vendor/laravel/framework/src/Illuminate/Pipeline/Pipeline.php(167): Fruitcake\\Cors\\HandleCors->handle(Object(Illuminate\\Http\\Request), Object(Closure))
#31 /Volumes/Mac OS/Users/malcolm/Documents/clientes/ursigalletti/2023/backend-api-ursi/vendor/laravel/framework/src/Illuminate/Http/Middleware/TrustProxies.php(39): Illuminate\\Pipeline\\Pipeline->Illuminate\\Pipeline\\{closure}(Object(Illuminate\\Http\\Request))
#32 /Volumes/Mac OS/Users/malcolm/Documents/clientes/ursigalletti/2023/backend-api-ursi/vendor/laravel/framework/src/Illuminate/Pipeline/Pipeline.php(167): Illuminate\\Http\\Middleware\\TrustProxies->handle(Object(Illuminate\\Http\\Request), Object(Closure))
#33 /Volumes/Mac OS/Users/malcolm/Documents/clientes/ursigalletti/2023/backend-api-ursi/vendor/laravel/framework/src/Illuminate/Pipeline/Pipeline.php(103): Illuminate\\Pipeline\\Pipeline->Illuminate\\Pipeline\\{closure}(Object(Illuminate\\Http\\Request))
#34 /Volumes/Mac OS/Users/malcolm/Documents/clientes/ursigalletti/2023/backend-api-ursi/vendor/laravel/framework/src/Illuminate/Foundation/Http/Kernel.php(142): Illuminate\\Pipeline\\Pipeline->then(Object(Closure))
#35 /Volumes/Mac OS/Users/malcolm/Documents/clientes/ursigalletti/2023/backend-api-ursi/vendor/laravel/framework/src/Illuminate/Foundation/Http/Kernel.php(111): Illuminate\\Foundation\\Http\\Kernel->sendRequestThroughRouter(Object(Illuminate\\Http\\Request))
#36 /Volumes/Mac OS/Users/malcolm/Documents/clientes/ursigalletti/2023/backend-api-ursi/public/index.php(52): Illuminate\\Foundation\\Http\\Kernel->handle(Object(Illuminate\\Http\\Request))
#37 /Volumes/Mac OS/Users/malcolm/Documents/clientes/ursigalletti/2023/backend-api-ursi/server.php(21): require_once('/Volumes/Mac OS...')
#38 {main}
"} 
[2023-06-10 18:20:05] local.ERROR: Method App\Http\Controllers\Admin\AdminPaymentController::search does not exist. {"exception":"[object] (BadMethodCallException(code: 0): Method App\\Http\\Controllers\\Admin\\AdminPaymentController::search does not exist. at /Volumes/Mac OS/Users/malcolm/Documents/clientes/ursigalletti/2023/backend-api-ursi/vendor/laravel/framework/src/Illuminate/Routing/Controller.php:68)
[stacktrace]
#0 /Volumes/Mac OS/Users/malcolm/Documents/clientes/ursigalletti/2023/backend-api-ursi/vendor/laravel/framework/src/Illuminate/Routing/Controller.php(54): Illuminate\\Routing\\Controller->__call('search', Array)
#1 /Volumes/Mac OS/Users/malcolm/Documents/clientes/ursigalletti/2023/backend-api-ursi/vendor/laravel/framework/src/Illuminate/Routing/ControllerDispatcher.php(45): Illuminate\\Routing\\Controller->callAction('search', Array)
#2 /Volumes/Mac OS/Users/malcolm/Documents/clientes/ursigalletti/2023/backend-api-ursi/vendor/laravel/framework/src/Illuminate/Routing/Route.php(262): Illuminate\\Routing\\ControllerDispatcher->dispatch(Object(Illuminate\\Routing\\Route), Object(App\\Http\\Controllers\\Admin\\AdminPaymentController), 'search')
#3 /Volumes/Mac OS/Users/malcolm/Documents/clientes/ursigalletti/2023/backend-api-ursi/vendor/laravel/framework/src/Illuminate/Routing/Route.php(205): Illuminate\\Routing\\Route->runController()
#4 /Volumes/Mac OS/Users/malcolm/Documents/clientes/ursigalletti/2023/backend-api-ursi/vendor/laravel/framework/src/Illuminate/Routing/Router.php(721): Illuminate\\Routing\\Route->run()
#5 /Volumes/Mac OS/Users/malcolm/Documents/clientes/ursigalletti/2023/backend-api-ursi/vendor/laravel/framework/src/Illuminate/Pipeline/Pipeline.php(128): Illuminate\\Routing\\Router->Illuminate\\Routing\\{closure}(Object(Illuminate\\Http\\Request))
#6 /Volumes/Mac OS/Users/malcolm/Documents/clientes/ursigalletti/2023/backend-api-ursi/vendor/laravel/framework/src/Illuminate/Routing/Middleware/SubstituteBindings.php(50): Illuminate\\Pipeline\\Pipeline->Illuminate\\Pipeline\\{closure}(Object(Illuminate\\Http\\Request))
#7 /Volumes/Mac OS/Users/malcolm/Documents/clientes/ursigalletti/2023/backend-api-ursi/vendor/laravel/framework/src/Illuminate/Pipeline/Pipeline.php(167): Illuminate\\Routing\\Middleware\\SubstituteBindings->handle(Object(Illuminate\\Http\\Request), Object(Closure))
#8 /Volumes/Mac OS/Users/malcolm/Documents/clientes/ursigalletti/2023/backend-api-ursi/vendor/laravel/framework/src/Illuminate/Routing/Middleware/ThrottleRequests.php(127): Illuminate\\Pipeline\\Pipeline->Illuminate\\Pipeline\\{closure}(Object(Illuminate\\Http\\Request))
#9 /Volumes/Mac OS/Users/malcolm/Documents/clientes/ursigalletti/2023/backend-api-ursi/vendor/laravel/framework/src/Illuminate/Routing/Middleware/ThrottleRequests.php(103): Illuminate\\Routing\\Middleware\\ThrottleRequests->handleRequest(Object(Illuminate\\Http\\Request), Object(Closure), Array)
#10 /Volumes/Mac OS/Users/malcolm/Documents/clientes/ursigalletti/2023/backend-api-ursi/vendor/laravel/framework/src/Illuminate/Routing/Middleware/ThrottleRequests.php(55): Illuminate\\Routing\\Middleware\\ThrottleRequests->handleRequestUsingNamedLimiter(Object(Illuminate\\Http\\Request), Object(Closure), 'api', Object(Closure))
#11 /Volumes/Mac OS/Users/malcolm/Documents/clientes/ursigalletti/2023/backend-api-ursi/vendor/laravel/framework/src/Illuminate/Pipeline/Pipeline.php(167): Illuminate\\Routing\\Middleware\\ThrottleRequests->handle(Object(Illuminate\\Http\\Request), Object(Closure), 'api')
#12 /Volumes/Mac OS/Users/malcolm/Documents/clientes/ursigalletti/2023/backend-api-ursi/vendor/laravel/framework/src/Illuminate/Pipeline/Pipeline.php(103): Illuminate\\Pipeline\\Pipeline->Illuminate\\Pipeline\\{closure}(Object(Illuminate\\Http\\Request))
#13 /Volumes/Mac OS/Users/malcolm/Documents/clientes/ursigalletti/2023/backend-api-ursi/vendor/laravel/framework/src/Illuminate/Routing/Router.php(723): Illuminate\\Pipeline\\Pipeline->then(Object(Closure))
#14 /Volumes/Mac OS/Users/malcolm/Documents/clientes/ursigalletti/2023/backend-api-ursi/vendor/laravel/framework/src/Illuminate/Routing/Router.php(698): Illuminate\\Routing\\Router->runRouteWithinStack(Object(Illuminate\\Routing\\Route), Object(Illuminate\\Http\\Request))
#15 /Volumes/Mac OS/Users/malcolm/Documents/clientes/ursigalletti/2023/backend-api-ursi/vendor/laravel/framework/src/Illuminate/Routing/Router.php(662): Illuminate\\Routing\\Router->runRoute(Object(Illuminate\\Http\\Request), Object(Illuminate\\Routing\\Route))
#16 /Volumes/Mac OS/Users/malcolm/Documents/clientes/ursigalletti/2023/backend-api-ursi/vendor/laravel/framework/src/Illuminate/Routing/Router.php(651): Illuminate\\Routing\\Router->dispatchToRoute(Object(Illuminate\\Http\\Request))
#17 /Volumes/Mac OS/Users/malcolm/Documents/clientes/ursigalletti/2023/backend-api-ursi/vendor/laravel/framework/src/Illuminate/Foundation/Http/Kernel.php(167): Illuminate\\Routing\\Router->dispatch(Object(Illuminate\\Http\\Request))
#18 /Volumes/Mac OS/Users/malcolm/Documents/clientes/ursigalletti/2023/backend-api-ursi/vendor/laravel/framework/src/Illuminate/Pipeline/Pipeline.php(128): Illuminate\\Foundation\\Http\\Kernel->Illuminate\\Foundation\\Http\\{closure}(Object(Illuminate\\Http\\Request))
#19 /Volumes/Mac OS/Users/malcolm/Documents/clientes/ursigalletti/2023/backend-api-ursi/vendor/laravel/framework/src/Illuminate/Foundation/Http/Middleware/TransformsRequest.php(21): Illuminate\\Pipeline\\Pipeline->Illuminate\\Pipeline\\{closure}(Object(Illuminate\\Http\\Request))
#20 /Volumes/Mac OS/Users/malcolm/Documents/clientes/ursigalletti/2023/backend-api-ursi/vendor/laravel/framework/src/Illuminate/Foundation/Http/Middleware/ConvertEmptyStringsToNull.php(31): Illuminate\\Foundation\\Http\\Middleware\\TransformsRequest->handle(Object(Illuminate\\Http\\Request), Object(Closure))
#21 /Volumes/Mac OS/Users/malcolm/Documents/clientes/ursigalletti/2023/backend-api-ursi/vendor/laravel/framework/src/Illuminate/Pipeline/Pipeline.php(167): Illuminate\\Foundation\\Http\\Middleware\\ConvertEmptyStringsToNull->handle(Object(Illuminate\\Http\\Request), Object(Closure))
#22 /Volumes/Mac OS/Users/malcolm/Documents/clientes/ursigalletti/2023/backend-api-ursi/vendor/laravel/framework/src/Illuminate/Foundation/Http/Middleware/TransformsRequest.php(21): Illuminate\\Pipeline\\Pipeline->Illuminate\\Pipeline\\{closure}(Object(Illuminate\\Http\\Request))
#23 /Volumes/Mac OS/Users/malcolm/Documents/clientes/ursigalletti/2023/backend-api-ursi/vendor/laravel/framework/src/Illuminate/Foundation/Http/Middleware/TrimStrings.php(40): Illuminate\\Foundation\\Http\\Middleware\\TransformsRequest->handle(Object(Illuminate\\Http\\Request), Object(Closure))
#24 /Volumes/Mac OS/Users/malcolm/Documents/clientes/ursigalletti/2023/backend-api-ursi/vendor/laravel/framework/src/Illuminate/Pipeline/Pipeline.php(167): Illuminate\\Foundation\\Http\\Middleware\\TrimStrings->handle(Object(Illuminate\\Http\\Request), Object(Closure))
#25 /Volumes/Mac OS/Users/malcolm/Documents/clientes/ursigalletti/2023/backend-api-ursi/vendor/laravel/framework/src/Illuminate/Foundation/Http/Middleware/ValidatePostSize.php(27): Illuminate\\Pipeline\\Pipeline->Illuminate\\Pipeline\\{closure}(Object(Illuminate\\Http\\Request))
#26 /Volumes/Mac OS/Users/malcolm/Documents/clientes/ursigalletti/2023/backend-api-ursi/vendor/laravel/framework/src/Illuminate/Pipeline/Pipeline.php(167): Illuminate\\Foundation\\Http\\Middleware\\ValidatePostSize->handle(Object(Illuminate\\Http\\Request), Object(Closure))
#27 /Volumes/Mac OS/Users/malcolm/Documents/clientes/ursigalletti/2023/backend-api-ursi/vendor/laravel/framework/src/Illuminate/Foundation/Http/Middleware/PreventRequestsDuringMaintenance.php(86): Illuminate\\Pipeline\\Pipeline->Illuminate\\Pipeline\\{closure}(Object(Illuminate\\Http\\Request))
#28 /Volumes/Mac OS/Users/malcolm/Documents/clientes/ursigalletti/2023/backend-api-ursi/vendor/laravel/framework/src/Illuminate/Pipeline/Pipeline.php(167): Illuminate\\Foundation\\Http\\Middleware\\PreventRequestsDuringMaintenance->handle(Object(Illuminate\\Http\\Request), Object(Closure))
#29 /Volumes/Mac OS/Users/malcolm/Documents/clientes/ursigalletti/2023/backend-api-ursi/vendor/fruitcake/laravel-cors/src/HandleCors.php(52): Illuminate\\Pipeline\\Pipeline->Illuminate\\Pipeline\\{closure}(Object(Illuminate\\Http\\Request))
#30 /Volumes/Mac OS/Users/malcolm/Documents/clientes/ursigalletti/2023/backend-api-ursi/vendor/laravel/framework/src/Illuminate/Pipeline/Pipeline.php(167): Fruitcake\\Cors\\HandleCors->handle(Object(Illuminate\\Http\\Request), Object(Closure))
#31 /Volumes/Mac OS/Users/malcolm/Documents/clientes/ursigalletti/2023/backend-api-ursi/vendor/laravel/framework/src/Illuminate/Http/Middleware/TrustProxies.php(39): Illuminate\\Pipeline\\Pipeline->Illuminate\\Pipeline\\{closure}(Object(Illuminate\\Http\\Request))
#32 /Volumes/Mac OS/Users/malcolm/Documents/clientes/ursigalletti/2023/backend-api-ursi/vendor/laravel/framework/src/Illuminate/Pipeline/Pipeline.php(167): Illuminate\\Http\\Middleware\\TrustProxies->handle(Object(Illuminate\\Http\\Request), Object(Closure))
#33 /Volumes/Mac OS/Users/malcolm/Documents/clientes/ursigalletti/2023/backend-api-ursi/vendor/laravel/framework/src/Illuminate/Pipeline/Pipeline.php(103): Illuminate\\Pipeline\\Pipeline->Illuminate\\Pipeline\\{closure}(Object(Illuminate\\Http\\Request))
#34 /Volumes/Mac OS/Users/malcolm/Documents/clientes/ursigalletti/2023/backend-api-ursi/vendor/laravel/framework/src/Illuminate/Foundation/Http/Kernel.php(142): Illuminate\\Pipeline\\Pipeline->then(Object(Closure))
#35 /Volumes/Mac OS/Users/malcolm/Documents/clientes/ursigalletti/2023/backend-api-ursi/vendor/laravel/framework/src/Illuminate/Foundation/Http/Kernel.php(111): Illuminate\\Foundation\\Http\\Kernel->sendRequestThroughRouter(Object(Illuminate\\Http\\Request))
#36 /Volumes/Mac OS/Users/malcolm/Documents/clientes/ursigalletti/2023/backend-api-ursi/public/index.php(52): Illuminate\\Foundation\\Http\\Kernel->handle(Object(Illuminate\\Http\\Request))
#37 /Volumes/Mac OS/Users/malcolm/Documents/clientes/ursigalletti/2023/backend-api-ursi/server.php(21): require_once('/Volumes/Mac OS...')
#38 {main}
"} 
